<?xml version="1.0" encoding="UTF-8"?>
<!-- Generated by org.testng.reporters.JUnitReportReporter -->
<testsuite hostname="DESKTOP-Q1RIKB8" failures="0" tests="1" name="Scripting.ExecutingAllScenario1" time="33.269" errors="0" timestamp="2022-11-03T15:20:55 IST" skipped="0">
  <testcase classname="Scripting.ExecutingAllScenario1" name="tc1" time="33.269"/>
  <system-out/>
</testsuite> <!-- Scripting.ExecutingAllScenario1 -->
