<?xml version="1.0" encoding="UTF-8"?>
<!-- Generated by org.testng.reporters.JUnitReportReporter -->
<testsuite hostname="DESKTOP-Q1RIKB8" failures="0" tests="1" name="Scripting.Scenario2" time="49.116" errors="0" timestamp="2022-11-04T08:45:39 IST" skipped="0">
  <testcase classname="Scripting.Scenario2" name="tc2" time="49.116"/>
  <system-out/>
</testsuite> <!-- Scripting.Scenario2 -->
