<?xml version="1.0" encoding="UTF-8"?>
<!-- Generated by org.testng.reporters.JUnitReportReporter -->
<testsuite hostname="DESKTOP-Q1RIKB8" failures="0" tests="1" name="Scripting.Scenario3" time="42.506" errors="0" timestamp="2022-11-04T09:40:19 IST" skipped="0">
  <testcase classname="Scripting.Scenario3" name="tc3" time="42.506"/>
  <system-out/>
</testsuite> <!-- Scripting.Scenario3 -->
