<?xml version="1.0" encoding="UTF-8"?>
<!-- Generated by org.testng.reporters.JUnitReportReporter -->
<testsuite hostname="DESKTOP-Q1RIKB8" failures="0" tests="1" name="Scripting.ExecutingAll" time="21.258" errors="0" timestamp="2022-11-03T08:33:21 IST" skipped="0">
  <testcase classname="Scripting.ExecutingAll" name="tc1" time="21.258"/>
  <system-out/>
</testsuite> <!-- Scripting.ExecutingAll -->
